<?xml version="1.0" encoding="UTF-8"?>
<testsuite name="Cucumber" time="1.101" tests="10" skipped="0" failures="1" errors="0">
<testcase classname="login functionality test" name="Check login with valid credentials" time="0.087">
<system-out><![CDATA[
Given User should launch Chrome browser.....................................passed
When user enters valid username and password................................passed
And clicks on login button..................................................passed
Then user is navigated to the home page.....................................passed
]]></system-out>
</testcase>
<testcase classname="login functionality test" name="Check login with invalid credentials" time="0.016">
<system-out><![CDATA[
Given user calculated 1/0...................................................passed
When user enters invalid username and password..............................passed
And clicks on login button..................................................passed
Then error message is displayed - Invalid Credentials.......................passed
]]></system-out>
</testcase>
<testcase classname="login functionality test" name="Check login with credentials" time="0.014">
<system-out><![CDATA[
Given user is on login page.................................................passed
When user enters invalid username and password..............................passed
And clicks on login button..................................................passed
Then error message is displayed - Invalid Credentials.......................passed
]]></system-out>
</testcase>
<testcase classname="login functionality test" name="Search basket items visiable or not" time="0.04">
<system-out><![CDATA[
Given user is on login page.................................................passed
When user enters invalid username and password..............................passed
And clicks on login button..................................................passed
Then error message is displayed - Invalid Credentials.......................passed
]]></system-out>
</testcase>
<testcase classname="login functionality test" name="Check login with invalid credentials" time="0.01">
<system-out><![CDATA[
Given user calculated 1/0...................................................passed
When user enters invalid username and password..............................passed
And clicks on login button..................................................passed
Then error message is displayed - Invalid Credentials.......................passed
]]></system-out>
</testcase>
<testcase classname="login functionality test" name="Check login with credentials" time="0.004">
<system-out><![CDATA[
Given user is on login page.................................................passed
When user enters invalid username and password..............................passed
And clicks on login button..................................................passed
Then error message is displayed - Invalid Credentials.......................passed
]]></system-out>
</testcase>
<testcase classname="login functionality test" name="Check login with credentials" time="0.015">
<system-out><![CDATA[
Given user is on login page.................................................passed
When user enters invalid username and password..............................passed
And clicks on login button..................................................passed
Then error message is displayed - Invalid Credentials.......................passed
]]></system-out>
</testcase>
<testcase classname="login functionality test" name="Search basket items visiable or not" time="0.006">
<system-out><![CDATA[
Given user is on login page.................................................passed
When user enters invalid username and password..............................passed
And clicks on login button..................................................passed
Then error message is displayed - Invalid Credentials.......................passed
]]></system-out>
</testcase>
<testcase classname="login functionality test" name="Check login with invalid credentials" time="0.027">
<failure/>
<system-out><![CDATA[
Given User calculated 1/0...................................................undefined
When user enters invalid username and password..............................skipped
And clicks on login button..................................................skipped
Then error message is displayed - Invalid Credentials.......................skipped
]]></system-out>
</testcase>
<testcase classname="login functionality test" name="Search basket items visiable or not" time="0.005">
<system-out><![CDATA[
Given user is on login page.................................................passed
When user enters invalid username and password..............................passed
And clicks on login button..................................................passed
Then error message is displayed - Invalid Credentials.......................passed
]]></system-out>
</testcase>
</testsuite>
